Checking watering notifications...
Checking watering notifications...
System check identified some issues:

WARNINGS:
?: (staticfiles.W004) The directory 'C:\Users\RUDRA PATEL\PycharmProjects\AGRO_BUILD_final 1\agro\agrobuild/static' in the STATICFILES_DIRS setting does not exist.
[2025-05-10 17:09:51.723601+05:30] Checking watering notifications...
Current season: summer
System check identified some issues:

WARNINGS:
?: (staticfiles.W004) The directory 'C:\Users\RUDRA PATEL\PycharmProjects\AGRO_BUILD_final 1\agro\agro/static' in the STATICFILES_DIRS setting does not exist.
[2025-05-10 17:12:48.074145+05:30] Checking watering notifications...
Current season: summer
[2025-05-10 17:15:55.846748+05:30] Checking watering notifications...
Current season: summer
Management command started
Management command started
Management command started
Management command started
Management command started
Management command started
Management command started
Management command started
Management command started
Management command started
Management command started
hii
Management command started
Management command started
Management command started
Management command started
Management command started
Management command started
Management command started
Management command started
Management command started
Management command started
Management command started
Management command started
Management command started
Management command started
Management command started
Management command started
Management command started
Management command started
Management command started
Management command started
Management command started
Management command started
Management command started
Management command started
Management command started
Management command started
Management command started
Management command started
Management command started
Management command started
Management command started
Management command started
Management command started
Management command started
Management command started
Management command started
Management command started
Management command started
System check identified some issues:

WARNINGS:
?: (staticfiles.W004) The directory 'C:\Users\RUDRA PATEL\PycharmProjects\AGRO_BUILD_final 1\agro\agrobuild/static' in the STATICFILES_DIRS setting does not exist.
Traceback (most recent call last):
  File "C:\Users\RUDRA PATEL\PycharmProjects\AGRO_BUILD_final 1\venv\Lib\site-packages\django\db\backends\utils.py", line 105, in _execute
    return self.cursor.execute(sql, params)
           ^^^^^^^^^^^^^^^^^^^^^^^^^^^^^^^^
  File "C:\Users\RUDRA PATEL\PycharmProjects\AGRO_BUILD_final 1\venv\Lib\site-packages\django\db\backends\sqlite3\base.py", line 360, in execute
    return super().execute(query, params)
           ^^^^^^^^^^^^^^^^^^^^^^^^^^^^^^
sqlite3.OperationalError: no such column: agrobuild_wateringreminder.category_id

The above exception was the direct cause of the following exception:

Traceback (most recent call last):
  File "C:\Users\RUDRA PATEL\PycharmProjects\AGRO_BUILD_final 1\agro\manage.py", line 22, in <module>
    main()
  File "C:\Users\RUDRA PATEL\PycharmProjects\AGRO_BUILD_final 1\agro\manage.py", line 18, in main
    execute_from_command_line(sys.argv)
  File "C:\Users\RUDRA PATEL\PycharmProjects\AGRO_BUILD_final 1\venv\Lib\site-packages\django\core\management\__init__.py", line 442, in execute_from_command_line
    utility.execute()
  File "C:\Users\RUDRA PATEL\PycharmProjects\AGRO_BUILD_final 1\venv\Lib\site-packages\django\core\management\__init__.py", line 436, in execute
    self.fetch_command(subcommand).run_from_argv(self.argv)
  File "C:\Users\RUDRA PATEL\PycharmProjects\AGRO_BUILD_final 1\venv\Lib\site-packages\django\core\management\base.py", line 416, in run_from_argv
    self.execute(*args, **cmd_options)
  File "C:\Users\RUDRA PATEL\PycharmProjects\AGRO_BUILD_final 1\venv\Lib\site-packages\django\core\management\base.py", line 460, in execute
    output = self.handle(*args, **options)
             ^^^^^^^^^^^^^^^^^^^^^^^^^^^^^
  File "C:\Users\RUDRA PATEL\PycharmProjects\AGRO_BUILD_final 1\agro\agrobuild\management\commands\send_watering_reminder.py", line 23, in handle
    for reminder in WateringReminder.objects.filter(is_active=True, allow_gmail=True):
  File "C:\Users\RUDRA PATEL\PycharmProjects\AGRO_BUILD_final 1\venv\Lib\site-packages\django\db\models\query.py", line 384, in __iter__
    self._fetch_all()
  File "C:\Users\RUDRA PATEL\PycharmProjects\AGRO_BUILD_final 1\venv\Lib\site-packages\django\db\models\query.py", line 1945, in _fetch_all
    self._result_cache = list(self._iterable_class(self))
                         ^^^^^^^^^^^^^^^^^^^^^^^^^^^^^^^^
  File "C:\Users\RUDRA PATEL\PycharmProjects\AGRO_BUILD_final 1\venv\Lib\site-packages\django\db\models\query.py", line 91, in __iter__
    results = compiler.execute_sql(
              ^^^^^^^^^^^^^^^^^^^^^
  File "C:\Users\RUDRA PATEL\PycharmProjects\AGRO_BUILD_final 1\venv\Lib\site-packages\django\db\models\sql\compiler.py", line 1623, in execute_sql
    cursor.execute(sql, params)
  File "C:\Users\RUDRA PATEL\PycharmProjects\AGRO_BUILD_final 1\venv\Lib\site-packages\django\db\backends\utils.py", line 122, in execute
    return super().execute(sql, params)
           ^^^^^^^^^^^^^^^^^^^^^^^^^^^^
  File "C:\Users\RUDRA PATEL\PycharmProjects\AGRO_BUILD_final 1\venv\Lib\site-packages\django\db\backends\utils.py", line 79, in execute
    return self._execute_with_wrappers(
           ^^^^^^^^^^^^^^^^^^^^^^^^^^^^
  File "C:\Users\RUDRA PATEL\PycharmProjects\AGRO_BUILD_final 1\venv\Lib\site-packages\django\db\backends\utils.py", line 92, in _execute_with_wrappers
    return executor(sql, params, many, context)
           ^^^^^^^^^^^^^^^^^^^^^^^^^^^^^^^^^^^^
  File "C:\Users\RUDRA PATEL\PycharmProjects\AGRO_BUILD_final 1\venv\Lib\site-packages\django\db\backends\utils.py", line 100, in _execute
    with self.db.wrap_database_errors:
  File "C:\Users\RUDRA PATEL\PycharmProjects\AGRO_BUILD_final 1\venv\Lib\site-packages\django\db\utils.py", line 91, in __exit__
    raise dj_exc_value.with_traceback(traceback) from exc_value
  File "C:\Users\RUDRA PATEL\PycharmProjects\AGRO_BUILD_final 1\venv\Lib\site-packages\django\db\backends\utils.py", line 105, in _execute
    return self.cursor.execute(sql, params)
           ^^^^^^^^^^^^^^^^^^^^^^^^^^^^^^^^
  File "C:\Users\RUDRA PATEL\PycharmProjects\AGRO_BUILD_final 1\venv\Lib\site-packages\django\db\backends\sqlite3\base.py", line 360, in execute
    return super().execute(query, params)
           ^^^^^^^^^^^^^^^^^^^^^^^^^^^^^^
django.db.utils.OperationalError: no such column: agrobuild_wateringreminder.category_id
Watering Reminder Command Loaded
Watering Reminder Command Loaded
Watering Reminder Command Loaded
Watering Reminder Command Loaded
Watering Reminder Command Loaded
Watering Reminder Command Loaded
Watering Reminder Command Loaded
Watering Reminder Command Loaded
Watering Reminder Command Loaded
Watering Reminder Command Loaded
Watering Reminder Command Loaded
Watering Reminder Command Loaded
Watering Reminder Command Loaded
Watering Reminder Command Loaded
Watering Reminder Command Loaded
Watering Reminder Command Loaded
Watering Reminder Command Loaded
Watering Reminder Command Loaded
Watering Reminder Command Loaded
Watering Reminder Command Loaded
Watering Reminder Command Loaded
Watering Reminder Command Loaded
Watering Reminder Command Loaded
Watering Reminder Command Loaded
Watering Reminder Command Loaded
Watering Reminder Command Loaded
Watering Reminder Command Loaded
Watering Reminder Command Loaded
Watering Reminder Command Loaded
Watering Reminder Command Loaded
Watering Reminder Command Loaded
Watering Reminder Command Loaded
Watering Reminder Command Loaded
Watering Reminder Command Loaded
Watering Reminder Command Loaded
Watering Reminder Command Loaded
Watering Reminder Command Loaded
Watering Reminder Command Loaded
Watering Reminder Command Loaded
Watering Reminder Command Loaded
Watering Reminder Command Loaded
Watering Reminder Command Loaded
Watering Reminder Command Loaded
Watering Reminder Command Loaded
Watering Reminder Command Loaded
Watering Reminder Command Loaded
Watering Reminder Command Loaded
Watering Reminder Command Loaded
Watering Reminder Command Loaded
Watering Reminder Command Loaded
Watering Reminder Command Loaded
Watering Reminder Command Loaded
Watering Reminder Command Loaded
Watering Reminder Command Loaded
Watering Reminder Command Loaded
Watering Reminder Command Loaded
Watering Reminder Command Loaded
Watering Reminder Command Loaded
Watering Reminder Command Loaded
Watering Reminder Command Loaded
Watering Reminder Command Loaded
Watering Reminder Command Loaded
Watering Reminder Command Loaded
Watering Reminder Command Loaded
Watering Reminder Command Loaded
Watering Reminder Command Loaded
Watering Reminder Command Loaded
Watering Reminder Command Loaded
Watering Reminder Command Loaded
Watering Reminder Command Loaded
Watering Reminder Command Loaded
Watering Reminder Command Loaded
Watering Reminder Command Loaded
Watering Reminder Command Loaded
Watering Reminder Command Loaded
Watering Reminder Command Loaded
Watering Reminder Command Loaded
Watering Reminder Command Loaded
Watering Reminder Command Loaded
Watering Reminder Command Loaded
Watering Reminder Command Loaded
Watering Reminder Command Loaded
Watering Reminder Command Loaded
Watering Reminder Command Loaded
Watering Reminder Command Loaded
Watering Reminder Command Loaded
Watering Reminder Command Loaded
Watering Reminder Command Loaded
Watering Reminder Command Loaded
Watering Reminder Command Loaded
Watering Reminder Command Loaded
Watering Reminder Command Loaded
Watering Reminder Command Loaded
Watering Reminder Command Loaded
Watering Reminder Command Loaded
Watering Reminder Command Loaded
Watering Reminder Command Loaded
Watering Reminder Command Loaded
Watering Reminder Command Loaded
